<?xml version="1.0" encoding="UTF-8"?>
<!-- Generated by org.testng.reporters.JUnitXMLReporter -->
<testsuite ignored="0" hostname="Kelmond-Labs" failures="0" tests="6" name="Default test" time="10.633" errors="0" timestamp="2022-02-21T21:18:56 SGT">
  <testcase classname="lumpofyums.NewTest" name="checkEasySort" time="1.419"/>
  <testcase classname="lumpofyums.NewTest" name="checkHardSort" time="1.498"/>
  <testcase classname="lumpofyums.NewTest" name="checkLogin" time="1.373"/>
  <testcase classname="lumpofyums.NewTest" name="checkNormalSort" time="1.518"/>
  <testcase classname="lumpofyums.NewTest" name="checkRegister" time="1.857"/>
  <testcase classname="lumpofyums.NewTest" name="checkSearch" time="1.538"/>
</testsuite> <!-- Default test -->
