<?xml version="1.0" encoding="UTF-8"?>
<!-- Generated by org.testng.reporters.JUnitXMLReporter -->
<testsuite ignored="0" hostname="LAPTOP-4QO3PGLF" failures="0" tests="8" name="Default test" time="21.063" errors="0" timestamp="2022-02-26T17:21:21 SGT">
  <testcase classname="lumpofyums.NewTest" name="checkCreateInput" time="3.089"/>
  <testcase classname="lumpofyums.NewTest" name="checkEasySort" time="2.023"/>
  <testcase classname="lumpofyums.NewTest" name="checkHardSort" time="2.048"/>
  <testcase classname="lumpofyums.NewTest" name="checkLogin" time="2.109"/>
  <testcase classname="lumpofyums.NewTest" name="checkNormalSort" time="2.136"/>
  <testcase classname="lumpofyums.NewTest" name="checkRegister" time="2.932"/>
  <testcase classname="lumpofyums.NewTest" name="checkSearch" time="1.786"/>
  <testcase classname="lumpofyums.NewTest" name="checkUpdateInput" time="2.658"/>
</testsuite> <!-- Default test -->
