<?xml version="1.0" encoding="UTF-8"?>
<testng-results ignored="0" total="1" passed="1" failed="0" skipped="0">
  <reporter-output>
  </reporter-output>
  <suite started-at="2022-02-14T13:54:49 SGT" name="Default suite" finished-at="2022-02-14T13:54:52 SGT" duration-ms="2982">
    <groups>
    </groups>
    <test started-at="2022-02-14T13:54:49 SGT" name="Default test" finished-at="2022-02-14T13:54:52 SGT" duration-ms="2982">
      <class name="lumpofyums.NewTest">
        <test-method is-config="true" signature="beforeTest()[pri:0, instance:lumpofyums.NewTest@5609159b]" started-at="2022-02-14T13:54:49 SGT" name="beforeTest" finished-at="2022-02-14T13:54:50 SGT" duration-ms="1342" status="PASS">
          <reporter-output>
          </reporter-output>
        </test-method> <!-- beforeTest -->
        <test-method signature="checkLogin()[pri:0, instance:lumpofyums.NewTest@5609159b]" started-at="2022-02-14T13:54:50 SGT" name="checkLogin" finished-at="2022-02-14T13:54:52 SGT" duration-ms="1488" status="PASS">
          <reporter-output>
          </reporter-output>
        </test-method> <!-- checkLogin -->
        <test-method is-config="true" signature="afterTest()[pri:0, instance:lumpofyums.NewTest@5609159b]" started-at="2022-02-14T13:54:52 SGT" name="afterTest" finished-at="2022-02-14T13:54:52 SGT" duration-ms="127" status="PASS">
          <reporter-output>
          </reporter-output>
        </test-method> <!-- afterTest -->
      </class> <!-- lumpofyums.NewTest -->
    </test> <!-- Default test -->
  </suite> <!-- Default suite -->
</testng-results>
