<?xml version="1.0" encoding="UTF-8"?>
<testng-results ignored="0" total="3" passed="3" failed="0" skipped="0">
  <reporter-output>
  </reporter-output>
  <suite started-at="2022-02-20T15:16:56 SGT" name="Default suite" finished-at="2022-02-20T15:17:04 SGT" duration-ms="7416">
    <groups>
    </groups>
    <test started-at="2022-02-20T15:16:56 SGT" name="Default test" finished-at="2022-02-20T15:17:04 SGT" duration-ms="7416">
      <class name="lumpofyums.NewTest">
        <test-method is-config="true" signature="beforeTest()[pri:0, instance:lumpofyums.NewTest@65b3f4a4]" started-at="2022-02-20T15:16:56 SGT" name="beforeTest" finished-at="2022-02-20T15:16:58 SGT" duration-ms="1202" status="PASS">
          <reporter-output>
          </reporter-output>
        </test-method> <!-- beforeTest -->
        <test-method signature="checkLogin()[pri:0, instance:lumpofyums.NewTest@65b3f4a4]" started-at="2022-02-20T15:16:58 SGT" name="checkLogin" finished-at="2022-02-20T15:17:00 SGT" duration-ms="2277" status="PASS">
          <reporter-output>
          </reporter-output>
        </test-method> <!-- checkLogin -->
        <test-method signature="checkRegister()[pri:0, instance:lumpofyums.NewTest@65b3f4a4]" started-at="2022-02-20T15:17:00 SGT" name="checkRegister" finished-at="2022-02-20T15:17:02 SGT" duration-ms="1838" status="PASS">
          <reporter-output>
          </reporter-output>
        </test-method> <!-- checkRegister -->
        <test-method signature="checkSearch()[pri:0, instance:lumpofyums.NewTest@65b3f4a4]" started-at="2022-02-20T15:17:02 SGT" name="checkSearch" finished-at="2022-02-20T15:17:04 SGT" duration-ms="1948" status="PASS">
          <reporter-output>
          </reporter-output>
        </test-method> <!-- checkSearch -->
        <test-method is-config="true" signature="afterTest()[pri:0, instance:lumpofyums.NewTest@65b3f4a4]" started-at="2022-02-20T15:17:04 SGT" name="afterTest" finished-at="2022-02-20T15:17:04 SGT" duration-ms="122" status="PASS">
          <reporter-output>
          </reporter-output>
        </test-method> <!-- afterTest -->
      </class> <!-- lumpofyums.NewTest -->
    </test> <!-- Default test -->
  </suite> <!-- Default suite -->
</testng-results>
